<?xml version="1.0" encoding="UTF-8"?>
<testng-results ignored="0" total="6" passed="6" failed="0" skipped="0">
  <reporter-output>
  </reporter-output>
  <suite started-at="2022-10-08T12:55:47 PDT" name="Surefire suite" finished-at="2022-10-08T12:56:50 PDT" duration-ms="63119">
    <groups>
      <group name="cucumber">
        <method signature="AbstractTestNGCucumberTests.runScenario(io.cucumber.testng.PickleWrapper,io.cucumber.testng.FeatureWrapper)[pri:0, instance:com.test.Runner.Runner@60611244]" name="runScenario" class="io.cucumber.testng.AbstractTestNGCucumberTests"/>
      </group> <!-- cucumber -->
    </groups>
    <test started-at="2022-10-08T12:55:47 PDT" name="Surefire test" finished-at="2022-10-08T12:56:50 PDT" duration-ms="63119">
      <class name="com.test.Runner.Runner">
        <test-method is-config="true" signature="setUpClass(org.testng.ITestContext)[pri:0, instance:com.test.Runner.Runner@60611244]" started-at="2022-10-08T12:55:47 PDT" name="setUpClass" finished-at="2022-10-08T12:55:48 PDT" duration-ms="636" status="PASS">
          <params>
            <param index="0">
              <value>
                <![CDATA[org.testng.TestRunner@31e7afde]]>
              </value>
            </param>
          </params>
          <reporter-output>
          </reporter-output>
        </test-method> <!-- setUpClass -->
        <test-method signature="runScenario(io.cucumber.testng.PickleWrapper,io.cucumber.testng.FeatureWrapper)[pri:0, instance:com.test.Runner.Runner@60611244]" started-at="2022-10-08T12:55:48 PDT" name="runScenario" description="Runs Cucumber Scenarios" data-provider="scenarios" finished-at="2022-10-08T12:55:54 PDT" duration-ms="5924" status="PASS">
          <params>
            <param index="0">
              <value>
                <![CDATA["Login to SalesForce TC 1"]]>
              </value>
            </param>
            <param index="1">
              <value>
                <![CDATA["Sales Force Automation scripts in Cucumber"]]>
              </value>
            </param>
          </params>
          <reporter-output>
          </reporter-output>
        </test-method> <!-- runScenario -->
        <test-method signature="runScenario(io.cucumber.testng.PickleWrapper,io.cucumber.testng.FeatureWrapper)[pri:0, instance:com.test.Runner.Runner@60611244]" started-at="2022-10-08T12:55:54 PDT" name="runScenario" description="Runs Cucumber Scenarios" data-provider="scenarios" finished-at="2022-10-08T12:55:58 PDT" duration-ms="4611" status="PASS">
          <params>
            <param index="0">
              <value>
                <![CDATA["Login to SalesForce TC 2"]]>
              </value>
            </param>
            <param index="1">
              <value>
                <![CDATA["Sales Force Automation scripts in Cucumber"]]>
              </value>
            </param>
          </params>
          <reporter-output>
          </reporter-output>
        </test-method> <!-- runScenario -->
        <test-method signature="runScenario(io.cucumber.testng.PickleWrapper,io.cucumber.testng.FeatureWrapper)[pri:0, instance:com.test.Runner.Runner@60611244]" started-at="2022-10-08T12:55:58 PDT" name="runScenario" description="Runs Cucumber Scenarios" data-provider="scenarios" finished-at="2022-10-08T12:56:29 PDT" duration-ms="30621" status="PASS">
          <params>
            <param index="0">
              <value>
                <![CDATA["Remember Me TC 3"]]>
              </value>
            </param>
            <param index="1">
              <value>
                <![CDATA["Sales Force Automation scripts in Cucumber"]]>
              </value>
            </param>
          </params>
          <reporter-output>
          </reporter-output>
        </test-method> <!-- runScenario -->
        <test-method signature="runScenario(io.cucumber.testng.PickleWrapper,io.cucumber.testng.FeatureWrapper)[pri:0, instance:com.test.Runner.Runner@60611244]" started-at="2022-10-08T12:56:29 PDT" name="runScenario" description="Runs Cucumber Scenarios" data-provider="scenarios" finished-at="2022-10-08T12:56:35 PDT" duration-ms="5877" status="PASS">
          <params>
            <param index="0">
              <value>
                <![CDATA["Forgot Password"]]>
              </value>
            </param>
            <param index="1">
              <value>
                <![CDATA["Sales Force Automation scripts in Cucumber"]]>
              </value>
            </param>
          </params>
          <reporter-output>
          </reporter-output>
        </test-method> <!-- runScenario -->
        <test-method signature="runScenario(io.cucumber.testng.PickleWrapper,io.cucumber.testng.FeatureWrapper)[pri:0, instance:com.test.Runner.Runner@60611244]" started-at="2022-10-08T12:56:35 PDT" name="runScenario" description="Runs Cucumber Scenarios" data-provider="scenarios" finished-at="2022-10-08T12:56:40 PDT" duration-ms="4620" status="PASS">
          <params>
            <param index="0">
              <value>
                <![CDATA["Forgot Password 4B"]]>
              </value>
            </param>
            <param index="1">
              <value>
                <![CDATA["Sales Force Automation scripts in Cucumber"]]>
              </value>
            </param>
          </params>
          <reporter-output>
          </reporter-output>
        </test-method> <!-- runScenario -->
        <test-method signature="runScenario(io.cucumber.testng.PickleWrapper,io.cucumber.testng.FeatureWrapper)[pri:0, instance:com.test.Runner.Runner@60611244]" started-at="2022-10-08T12:56:40 PDT" name="runScenario" description="Runs Cucumber Scenarios" data-provider="scenarios" finished-at="2022-10-08T12:56:50 PDT" duration-ms="10733" status="PASS">
          <params>
            <param index="0">
              <value>
                <![CDATA["TC 05"]]>
              </value>
            </param>
            <param index="1">
              <value>
                <![CDATA["Sales Force Automation scripts in Cucumber"]]>
              </value>
            </param>
          </params>
          <reporter-output>
          </reporter-output>
        </test-method> <!-- runScenario -->
        <test-method is-config="true" signature="tearDownClass()[pri:0, instance:com.test.Runner.Runner@60611244]" started-at="2022-10-08T12:56:50 PDT" name="tearDownClass" finished-at="2022-10-08T12:56:50 PDT" duration-ms="46" status="PASS">
          <reporter-output>
          </reporter-output>
        </test-method> <!-- tearDownClass -->
      </class> <!-- com.test.Runner.Runner -->
    </test> <!-- Surefire test -->
  </suite> <!-- Surefire suite -->
</testng-results>
